[2019-12-01 07:52:58] local.ERROR: SQLSTATE[HY000] [1698] Access denied for user 'root'@'localhost' {"exception":"[object] (Doctrine\\DBAL\\Driver\\PDOException(code: 1698): SQLSTATE[HY000] [1698] Access denied for user 'root'@'localhost' at /home/brian/Work/generate/generate-model/vendor/doctrine/dbal/lib/Doctrine/DBAL/Driver/PDOConnection.php:31)
[stacktrace]
#0 /home/brian/Work/generate/generate-model/vendor/laravel/framework/src/Illuminate/Database/Connectors/Connector.php(67): Doctrine\\DBAL\\Driver\\PDOConnection->__construct('mysql:host=127....', 'root', '', Array)
#1 /home/brian/Work/generate/generate-model/vendor/laravel/framework/src/Illuminate/Database/Connectors/Connector.php(46): Illuminate\\Database\\Connectors\\Connector->createPdoConnection('mysql:host=127....', 'root', '', Array)
#2 /home/brian/Work/generate/generate-model/vendor/laravel/framework/src/Illuminate/Database/Connectors/MySqlConnector.php(24): Illuminate\\Database\\Connectors\\Connector->createConnection('mysql:host=127....', Array, Array)
#3 /home/brian/Work/generate/generate-model/vendor/laravel/framework/src/Illuminate/Database/Connectors/ConnectionFactory.php(182): Illuminate\\Database\\Connectors\\MySqlConnector->connect(Array)
#4 [internal function]: Illuminate\\Database\\Connectors\\ConnectionFactory->Illuminate\\Database\\Connectors\\{closure}()
#5 /home/brian/Work/generate/generate-model/vendor/laravel/framework/src/Illuminate/Database/Connection.php(920): call_user_func(Object(Closure))
#6 /home/brian/Work/generate/generate-model/vendor/laravel/framework/src/Illuminate/Database/Connection.php(902): Illuminate\\Database\\Connection->getPdo()
#7 /home/brian/Work/generate/generate-model/vendor/laravel/framework/src/Illuminate/Database/Connection.php(888): Illuminate\\Database\\Connection->getDoctrineConnection()
#8 /home/brian/Work/generate/generate-model/vendor/krlove/eloquent-model-generator/src/Processor/ExistenceCheckerProcessor.php(35): Illuminate\\Database\\Connection->getDoctrineSchemaManager()
#9 /home/brian/Work/generate/generate-model/vendor/krlove/eloquent-model-generator/src/EloquentModelBuilder.php(45): Krlove\\EloquentModelGenerator\\Processor\\ExistenceCheckerProcessor->process(Object(Krlove\\EloquentModelGenerator\\Model\\EloquentModel), Object(Krlove\\EloquentModelGenerator\\Config))
#10 /home/brian/Work/generate/generate-model/vendor/krlove/eloquent-model-generator/src/Generator.php(44): Krlove\\EloquentModelGenerator\\EloquentModelBuilder->createModel(Object(Krlove\\EloquentModelGenerator\\Config))
#11 /home/brian/Work/generate/generate-model/vendor/krlove/eloquent-model-generator/src/Command/GenerateModelCommand.php(53): Krlove\\EloquentModelGenerator\\Generator->generateModel(Object(Krlove\\EloquentModelGenerator\\Config))
#12 /home/brian/Work/generate/generate-model/vendor/krlove/eloquent-model-generator/src/Command/GenerateModelCommand.php(63): Krlove\\EloquentModelGenerator\\Command\\GenerateModelCommand->fire()
#13 [internal function]: Krlove\\EloquentModelGenerator\\Command\\GenerateModelCommand->handle()
#14 /home/brian/Work/generate/generate-model/vendor/laravel/framework/src/Illuminate/Container/BoundMethod.php(32): call_user_func_array(Array, Array)
#15 /home/brian/Work/generate/generate-model/vendor/laravel/framework/src/Illuminate/Container/Util.php(34): Illuminate\\Container\\BoundMethod::Illuminate\\Container\\{closure}()
#16 /home/brian/Work/generate/generate-model/vendor/laravel/framework/src/Illuminate/Container/BoundMethod.php(90): Illuminate\\Container\\Util::unwrapIfClosure(Object(Closure))
#17 /home/brian/Work/generate/generate-model/vendor/laravel/framework/src/Illuminate/Container/BoundMethod.php(34): Illuminate\\Container\\BoundMethod::callBoundMethod(Object(Illuminate\\Foundation\\Application), Array, Object(Closure))
#18 /home/brian/Work/generate/generate-model/vendor/laravel/framework/src/Illuminate/Container/Container.php(590): Illuminate\\Container\\BoundMethod::call(Object(Illuminate\\Foundation\\Application), Array, Array, NULL)
#19 /home/brian/Work/generate/generate-model/vendor/laravel/framework/src/Illuminate/Console/Command.php(202): Illuminate\\Container\\Container->call(Array)
#20 /home/brian/Work/generate/generate-model/vendor/symfony/console/Command/Command.php(255): Illuminate\\Console\\Command->execute(Object(Symfony\\Component\\Console\\Input\\ArgvInput), Object(Illuminate\\Console\\OutputStyle))
#21 /home/brian/Work/generate/generate-model/vendor/laravel/framework/src/Illuminate/Console/Command.php(189): Symfony\\Component\\Console\\Command\\Command->run(Object(Symfony\\Component\\Console\\Input\\ArgvInput), Object(Illuminate\\Console\\OutputStyle))
#22 /home/brian/Work/generate/generate-model/vendor/symfony/console/Application.php(1011): Illuminate\\Console\\Command->run(Object(Symfony\\Component\\Console\\Input\\ArgvInput), Object(Symfony\\Component\\Console\\Output\\ConsoleOutput))
#23 /home/brian/Work/generate/generate-model/vendor/symfony/console/Application.php(272): Symfony\\Component\\Console\\Application->doRunCommand(Object(Krlove\\EloquentModelGenerator\\Command\\GenerateModelCommand), Object(Symfony\\Component\\Console\\Input\\ArgvInput), Object(Symfony\\Component\\Console\\Output\\ConsoleOutput))
#24 /home/brian/Work/generate/generate-model/vendor/symfony/console/Application.php(148): Symfony\\Component\\Console\\Application->doRun(Object(Symfony\\Component\\Console\\Input\\ArgvInput), Object(Symfony\\Component\\Console\\Output\\ConsoleOutput))
#25 /home/brian/Work/generate/generate-model/vendor/laravel/framework/src/Illuminate/Console/Application.php(90): Symfony\\Component\\Console\\Application->run(Object(Symfony\\Component\\Console\\Input\\ArgvInput), Object(Symfony\\Component\\Console\\Output\\ConsoleOutput))
#26 /home/brian/Work/generate/generate-model/vendor/laravel/framework/src/Illuminate/Foundation/Console/Kernel.php(131): Illuminate\\Console\\Application->run(Object(Symfony\\Component\\Console\\Input\\ArgvInput), Object(Symfony\\Component\\Console\\Output\\ConsoleOutput))
#27 /home/brian/Work/generate/generate-model/artisan(37): Illuminate\\Foundation\\Console\\Kernel->handle(Object(Symfony\\Component\\Console\\Input\\ArgvInput), Object(Symfony\\Component\\Console\\Output\\ConsoleOutput))
#28 {main}

[previous exception] [object] (PDOException(code: 1698): SQLSTATE[HY000] [1698] Access denied for user 'root'@'localhost' at /home/brian/Work/generate/generate-model/vendor/doctrine/dbal/lib/Doctrine/DBAL/Driver/PDOConnection.php:27)
[stacktrace]
#0 /home/brian/Work/generate/generate-model/vendor/doctrine/dbal/lib/Doctrine/DBAL/Driver/PDOConnection.php(27): PDO->__construct('mysql:host=127....', 'root', '', Array)
#1 /home/brian/Work/generate/generate-model/vendor/laravel/framework/src/Illuminate/Database/Connectors/Connector.php(67): Doctrine\\DBAL\\Driver\\PDOConnection->__construct('mysql:host=127....', 'root', '', Array)
#2 /home/brian/Work/generate/generate-model/vendor/laravel/framework/src/Illuminate/Database/Connectors/Connector.php(46): Illuminate\\Database\\Connectors\\Connector->createPdoConnection('mysql:host=127....', 'root', '', Array)
#3 /home/brian/Work/generate/generate-model/vendor/laravel/framework/src/Illuminate/Database/Connectors/MySqlConnector.php(24): Illuminate\\Database\\Connectors\\Connector->createConnection('mysql:host=127....', Array, Array)
#4 /home/brian/Work/generate/generate-model/vendor/laravel/framework/src/Illuminate/Database/Connectors/ConnectionFactory.php(182): Illuminate\\Database\\Connectors\\MySqlConnector->connect(Array)
#5 [internal function]: Illuminate\\Database\\Connectors\\ConnectionFactory->Illuminate\\Database\\Connectors\\{closure}()
#6 /home/brian/Work/generate/generate-model/vendor/laravel/framework/src/Illuminate/Database/Connection.php(920): call_user_func(Object(Closure))
#7 /home/brian/Work/generate/generate-model/vendor/laravel/framework/src/Illuminate/Database/Connection.php(902): Illuminate\\Database\\Connection->getPdo()
#8 /home/brian/Work/generate/generate-model/vendor/laravel/framework/src/Illuminate/Database/Connection.php(888): Illuminate\\Database\\Connection->getDoctrineConnection()
#9 /home/brian/Work/generate/generate-model/vendor/krlove/eloquent-model-generator/src/Processor/ExistenceCheckerProcessor.php(35): Illuminate\\Database\\Connection->getDoctrineSchemaManager()
#10 /home/brian/Work/generate/generate-model/vendor/krlove/eloquent-model-generator/src/EloquentModelBuilder.php(45): Krlove\\EloquentModelGenerator\\Processor\\ExistenceCheckerProcessor->process(Object(Krlove\\EloquentModelGenerator\\Model\\EloquentModel), Object(Krlove\\EloquentModelGenerator\\Config))
#11 /home/brian/Work/generate/generate-model/vendor/krlove/eloquent-model-generator/src/Generator.php(44): Krlove\\EloquentModelGenerator\\EloquentModelBuilder->createModel(Object(Krlove\\EloquentModelGenerator\\Config))
#12 /home/brian/Work/generate/generate-model/vendor/krlove/eloquent-model-generator/src/Command/GenerateModelCommand.php(53): Krlove\\EloquentModelGenerator\\Generator->generateModel(Object(Krlove\\EloquentModelGenerator\\Config))
#13 /home/brian/Work/generate/generate-model/vendor/krlove/eloquent-model-generator/src/Command/GenerateModelCommand.php(63): Krlove\\EloquentModelGenerator\\Command\\GenerateModelCommand->fire()
#14 [internal function]: Krlove\\EloquentModelGenerator\\Command\\GenerateModelCommand->handle()
#15 /home/brian/Work/generate/generate-model/vendor/laravel/framework/src/Illuminate/Container/BoundMethod.php(32): call_user_func_array(Array, Array)
#16 /home/brian/Work/generate/generate-model/vendor/laravel/framework/src/Illuminate/Container/Util.php(34): Illuminate\\Container\\BoundMethod::Illuminate\\Container\\{closure}()
#17 /home/brian/Work/generate/generate-model/vendor/laravel/framework/src/Illuminate/Container/BoundMethod.php(90): Illuminate\\Container\\Util::unwrapIfClosure(Object(Closure))
#18 /home/brian/Work/generate/generate-model/vendor/laravel/framework/src/Illuminate/Container/BoundMethod.php(34): Illuminate\\Container\\BoundMethod::callBoundMethod(Object(Illuminate\\Foundation\\Application), Array, Object(Closure))
#19 /home/brian/Work/generate/generate-model/vendor/laravel/framework/src/Illuminate/Container/Container.php(590): Illuminate\\Container\\BoundMethod::call(Object(Illuminate\\Foundation\\Application), Array, Array, NULL)
#20 /home/brian/Work/generate/generate-model/vendor/laravel/framework/src/Illuminate/Console/Command.php(202): Illuminate\\Container\\Container->call(Array)
#21 /home/brian/Work/generate/generate-model/vendor/symfony/console/Command/Command.php(255): Illuminate\\Console\\Command->execute(Object(Symfony\\Component\\Console\\Input\\ArgvInput), Object(Illuminate\\Console\\OutputStyle))
#22 /home/brian/Work/generate/generate-model/vendor/laravel/framework/src/Illuminate/Console/Command.php(189): Symfony\\Component\\Console\\Command\\Command->run(Object(Symfony\\Component\\Console\\Input\\ArgvInput), Object(Illuminate\\Console\\OutputStyle))
#23 /home/brian/Work/generate/generate-model/vendor/symfony/console/Application.php(1011): Illuminate\\Console\\Command->run(Object(Symfony\\Component\\Console\\Input\\ArgvInput), Object(Symfony\\Component\\Console\\Output\\ConsoleOutput))
#24 /home/brian/Work/generate/generate-model/vendor/symfony/console/Application.php(272): Symfony\\Component\\Console\\Application->doRunCommand(Object(Krlove\\EloquentModelGenerator\\Command\\GenerateModelCommand), Object(Symfony\\Component\\Console\\Input\\ArgvInput), Object(Symfony\\Component\\Console\\Output\\ConsoleOutput))
#25 /home/brian/Work/generate/generate-model/vendor/symfony/console/Application.php(148): Symfony\\Component\\Console\\Application->doRun(Object(Symfony\\Component\\Console\\Input\\ArgvInput), Object(Symfony\\Component\\Console\\Output\\ConsoleOutput))
#26 /home/brian/Work/generate/generate-model/vendor/laravel/framework/src/Illuminate/Console/Application.php(90): Symfony\\Component\\Console\\Application->run(Object(Symfony\\Component\\Console\\Input\\ArgvInput), Object(Symfony\\Component\\Console\\Output\\ConsoleOutput))
#27 /home/brian/Work/generate/generate-model/vendor/laravel/framework/src/Illuminate/Foundation/Console/Kernel.php(131): Illuminate\\Console\\Application->run(Object(Symfony\\Component\\Console\\Input\\ArgvInput), Object(Symfony\\Component\\Console\\Output\\ConsoleOutput))
#28 /home/brian/Work/generate/generate-model/artisan(37): Illuminate\\Foundation\\Console\\Kernel->handle(Object(Symfony\\Component\\Console\\Input\\ArgvInput), Object(Symfony\\Component\\Console\\Output\\ConsoleOutput))
#29 {main}
"} 
